2023-10-05 00:08:40.405  INFO 11052 --- [restartedMain] c.b.DurgeshprojectApplication            : Starting DurgeshprojectApplication using Java 17.0.7 on DESKTOP-40AKQPL with PID 11052 (D:\JAVA WORKSPACE\DurgeshAppBlog\durgeshproject\target\classes started by SIYARAM in D:\JAVA WORKSPACE\DurgeshAppBlog\durgeshproject)
2023-10-05 00:08:40.412  INFO 11052 --- [restartedMain] c.b.DurgeshprojectApplication            : No active profile set, falling back to 1 default profile: "default"
2023-10-05 00:08:40.496  INFO 11052 --- [restartedMain] .e.DevToolsPropertyDefaultsPostProcessor : Devtools property defaults active! Set 'spring.devtools.add-properties' to 'false' to disable
2023-10-05 00:08:40.496  INFO 11052 --- [restartedMain] .e.DevToolsPropertyDefaultsPostProcessor : For additional web related logging consider setting the 'logging.level.web' property to 'DEBUG'
2023-10-05 00:08:41.197  INFO 11052 --- [restartedMain] .s.d.r.c.RepositoryConfigurationDelegate : Bootstrapping Spring Data JPA repositories in DEFAULT mode.
2023-10-05 00:08:41.253  INFO 11052 --- [restartedMain] .s.d.r.c.RepositoryConfigurationDelegate : Finished Spring Data repository scanning in 48 ms. Found 3 JPA repository interfaces.
2023-10-05 00:08:42.138  INFO 11052 --- [restartedMain] o.s.b.w.embedded.tomcat.TomcatWebServer  : Tomcat initialized with port(s): 1004 (http)
2023-10-05 00:08:42.153  INFO 11052 --- [restartedMain] o.apache.catalina.core.StandardService   : Starting service [Tomcat]
2023-10-05 00:08:42.154  INFO 11052 --- [restartedMain] org.apache.catalina.core.StandardEngine  : Starting Servlet engine: [Apache Tomcat/9.0.79]
2023-10-05 00:08:42.307  INFO 11052 --- [restartedMain] o.a.c.c.C.[Tomcat].[localhost].[/]       : Initializing Spring embedded WebApplicationContext
2023-10-05 00:08:42.308  INFO 11052 --- [restartedMain] w.s.c.ServletWebServerApplicationContext : Root WebApplicationContext: initialization completed in 1810 ms
2023-10-05 00:08:42.472  INFO 11052 --- [restartedMain] com.zaxxer.hikari.HikariDataSource       : HikariPool-1 - Starting...
2023-10-05 00:08:42.923  INFO 11052 --- [restartedMain] com.zaxxer.hikari.HikariDataSource       : HikariPool-1 - Start completed.
2023-10-05 00:08:42.969  INFO 11052 --- [restartedMain] o.hibernate.jpa.internal.util.LogHelper  : HHH000204: Processing PersistenceUnitInfo [name: default]
2023-10-05 00:08:43.019  INFO 11052 --- [restartedMain] org.hibernate.Version                    : HHH000412: Hibernate ORM core version 5.6.15.Final
2023-10-05 00:08:43.233  INFO 11052 --- [restartedMain] o.hibernate.annotations.common.Version   : HCANN000001: Hibernate Commons Annotations {5.1.2.Final}
2023-10-05 00:08:43.335  INFO 11052 --- [restartedMain] org.hibernate.dialect.Dialect            : HHH000400: Using dialect: org.hibernate.dialect.MySQL5Dialect
2023-10-05 00:08:44.103  INFO 11052 --- [restartedMain] o.h.e.t.j.p.i.JtaPlatformInitiator       : HHH000490: Using JtaPlatform implementation: [org.hibernate.engine.transaction.jta.platform.internal.NoJtaPlatform]
2023-10-05 00:08:44.115  INFO 11052 --- [restartedMain] j.LocalContainerEntityManagerFactoryBean : Initialized JPA EntityManagerFactory for persistence unit 'default'
2023-10-05 00:08:44.617  WARN 11052 --- [restartedMain] JpaBaseConfiguration$JpaWebConfiguration : spring.jpa.open-in-view is enabled by default. Therefore, database queries may be performed during view rendering. Explicitly configure spring.jpa.open-in-view to disable this warning
2023-10-05 00:08:45.061  INFO 11052 --- [restartedMain] o.s.b.d.a.OptionalLiveReloadServer       : LiveReload server is running on port 35729
2023-10-05 00:08:45.103  INFO 11052 --- [restartedMain] o.s.b.w.embedded.tomcat.TomcatWebServer  : Tomcat started on port(s): 1004 (http) with context path ''
2023-10-05 00:08:45.116  INFO 11052 --- [restartedMain] c.b.DurgeshprojectApplication            : Started DurgeshprojectApplication in 5.488 seconds (JVM running for 6.379)
2023-10-05 00:09:07.556  INFO 11052 --- [http-nio-1004-exec-2] o.a.c.c.C.[Tomcat].[localhost].[/]       : Initializing Spring DispatcherServlet 'dispatcherServlet'
2023-10-05 00:09:07.557  INFO 11052 --- [http-nio-1004-exec-2] o.s.web.servlet.DispatcherServlet        : Initializing Servlet 'dispatcherServlet'
2023-10-05 00:09:07.561  INFO 11052 --- [http-nio-1004-exec-2] o.s.web.servlet.DispatcherServlet        : Completed initialization in 3 ms
2023-10-05 00:09:07.675  INFO 11052 --- [http-nio-1004-exec-2] c.b.controller.PostController            : Sending Request  into Service layer 
2023-10-05 00:09:07.678  INFO 11052 --- [http-nio-1004-exec-2] c.b.service.impl.PostServiceImpl         : Sending Request into Deo layer 
2023-10-05 00:09:08.201  INFO 11052 --- [http-nio-1004-exec-2] c.b.service.impl.PostServiceImpl         : Request Received Get all Data Opration from Deolayer 
2023-10-05 00:09:08.202  INFO 11052 --- [http-nio-1004-exec-2] c.b.controller.PostController            : Getall Opration completed  
2023-10-05 00:10:04.863  INFO 11052 --- [http-nio-1004-exec-3] c.b.controller.CategoryController        : Sending Request  into Service layer 
2023-10-05 00:10:04.864  INFO 11052 --- [http-nio-1004-exec-3] c.b.service.impl.CategoryServiceImp      : Sending Request into Deo layer 
2023-10-05 00:10:04.875  INFO 11052 --- [http-nio-1004-exec-3] c.b.service.impl.CategoryServiceImp      : Request Received from Deolayer 
2023-10-05 00:10:04.876  INFO 11052 --- [http-nio-1004-exec-3] c.b.controller.CategoryController        :  Getall Opration completed  
2023-10-05 00:10:48.669  INFO 11052 --- [RMI TCP Connection(4)-127.0.0.1] inMXBeanRegistrar$SpringApplicationAdmin : Application shutdown requested.
2023-10-05 00:10:48.703  INFO 11052 --- [RMI TCP Connection(4)-127.0.0.1] o.apache.catalina.core.StandardService   : Stopping service [Tomcat]
2023-10-05 00:10:48.706  INFO 11052 --- [RMI TCP Connection(4)-127.0.0.1] o.a.c.c.C.[Tomcat].[localhost].[/]       : Destroying Spring FrameworkServlet 'dispatcherServlet'
2023-10-05 00:10:48.719  INFO 11052 --- [RMI TCP Connection(4)-127.0.0.1] j.LocalContainerEntityManagerFactoryBean : Closing JPA EntityManagerFactory for persistence unit 'default'
2023-10-05 00:10:48.723  INFO 11052 --- [RMI TCP Connection(4)-127.0.0.1] com.zaxxer.hikari.HikariDataSource       : HikariPool-1 - Shutdown initiated...
2023-10-05 00:10:48.736  INFO 11052 --- [RMI TCP Connection(4)-127.0.0.1] com.zaxxer.hikari.HikariDataSource       : HikariPool-1 - Shutdown completed.
